2026-05-20 01:01:53 | INFO | watchfiles.main | 2 changes detected
2026-05-20 01:02:12 | INFO | watchfiles.main | 4 changes detected
2026-05-20 01:03:21 | INFO | watchfiles.main | 1 change detected
2026-05-20 01:03:24 | INFO | watchfiles.main | 1 change detected
2026-05-20 01:03:27 | INFO | watchfiles.main | 1 change detected
2026-05-20 01:03:28 | INFO | watchfiles.main | 1 change detected
2026-05-20 01:03:30 | INFO | app.api.routes | [API][/CHAT] question: Nói cho tôi về lịch trình của tour Vietnam Express Southbound
2026-05-20 01:03:30 | INFO | app.api.routes | [API][/CHAT] Intent of question: itinerary
2026-05-20 01:03:30 | INFO | app.api.routes | [API][/CHAT] question: None
2026-05-20 01:03:30 | INFO | app.api.routes |   Source: Vietnam Express Southbound (itinerary_day) [distance: 0.3677]
2026-05-20 01:03:30 | INFO | app.api.routes |   Source: Vietnam Express Southbound (itinerary_day) [distance: 0.3706]
2026-05-20 01:03:30 | INFO | app.api.routes |   Source: Vietnam Express Southbound (itinerary_day) [distance: 0.3816]
2026-05-20 01:03:30 | INFO | app.api.routes |   Source: Vietnam Express Southbound (itinerary_day) [distance: 0.4063]
2026-05-20 01:03:30 | INFO | app.api.routes |   Source: Vietnam Express Southbound (itinerary_day) [distance: 0.4130]
2026-05-20 01:03:30 | INFO | app.api.routes |   Source: Vietnam Express Southbound (itinerary_day) [distance: 0.4136]
2026-05-20 01:03:30 | INFO | app.api.routes |   Source: Vietnam Express Southbound (itinerary_day) [distance: 0.4175]
2026-05-20 01:03:30 | INFO | app.api.routes |   Source: Vietnam Express Southbound (itinerary_day) [distance: 0.4331]
2026-05-20 01:03:30 | INFO | app.api.routes |   Source: Vietnam Express Southbound (itinerary_day) [distance: 0.4418]
2026-05-20 01:03:30 | INFO | app.api.routes |   Source: Vietnam Express Southbound (itinerary_day) [distance: 0.4426]
2026-05-20 01:03:42 | INFO | watchfiles.main | 1 change detected
2026-05-20 01:03:44 | INFO | watchfiles.main | 1 change detected
2026-05-20 01:03:47 | INFO | watchfiles.main | 1 change detected
2026-05-20 01:03:49 | INFO | watchfiles.main | 1 change detected
2026-05-20 01:04:17 | INFO | watchfiles.main | 1 change detected
2026-05-20 16:10:19 | INFO | watchfiles.main | 2 changes detected
2026-05-20 16:10:20 | INFO | watchfiles.main | 2 changes detected
2026-05-20 16:10:41 | INFO | watchfiles.main | 4 changes detected
2026-05-20 16:10:58 | INFO | app.api.routes | [WS] Question: Hi
2026-05-20 16:11:17 | INFO | app.api.routes | [WS] Question: What tours do you have in Vietnam?
2026-05-20 16:14:00 | INFO | app.api.routes | [API][/CHAT] question: Hi
2026-05-20 16:14:00 | INFO | app.api.routes | [API][/CHAT] Intent of question: general
2026-05-20 16:14:00 | INFO | app.api.routes | [API][/CHAT] question: None
2026-05-20 16:14:00 | INFO | app.api.routes |   Source: Vietnam Short Break: Hanoi to Ninh Binh (itinerary_day) [distance: 0.5756]
2026-05-20 16:14:00 | INFO | app.api.routes |   Source: Premium Walking & Hiking in Vietnam (practical_info) [distance: 0.5775]
2026-05-20 16:14:00 | INFO | app.api.routes |   Source: Vietnam: Hike, Bike & Kayak (itinerary_day) [distance: 0.5782]
2026-05-20 16:14:13 | INFO | app.api.routes | [WS] Question: hi
2026-05-20 16:19:31 | INFO | watchfiles.main | 3 changes detected
2026-05-20 16:19:31 | INFO | app.api.routes | [WS] Client disconnected
2026-05-20 16:19:31 | INFO | watchfiles.main | 2 changes detected
2026-05-20 16:19:32 | INFO | watchfiles.main | 3 changes detected
2026-05-20 16:19:36 | INFO | watchfiles.main | 2 changes detected
2026-05-20 16:19:48 | INFO | watchfiles.main | 3 changes detected
2026-05-20 16:19:49 | INFO | watchfiles.main | 4 changes detected
2026-05-20 16:19:52 | INFO | watchfiles.main | 2 changes detected
2026-05-20 16:20:10 | INFO | watchfiles.main | 4 changes detected
2026-05-20 16:20:21 | INFO | watchfiles.main | 3 changes detected
2026-05-20 16:20:21 | INFO | app.api.routes | [WS] Client disconnected
2026-05-20 16:22:14 | INFO | app.api.routes | [WS] Question: hi
2026-05-20 16:28:49 | INFO | watchfiles.main | 3 changes detected
2026-05-20 16:28:49 | INFO | app.api.routes | [WS] Client disconnected
2026-05-20 16:28:49 | INFO | watchfiles.main | 2 changes detected
2026-05-20 16:28:50 | INFO | watchfiles.main | 3 changes detected
2026-05-20 16:28:54 | INFO | watchfiles.main | 2 changes detected
2026-05-20 16:29:01 | INFO | watchfiles.main | 3 changes detected
2026-05-20 16:29:01 | INFO | watchfiles.main | 4 changes detected
2026-05-20 16:29:05 | INFO | watchfiles.main | 2 changes detected
2026-05-20 16:29:25 | INFO | watchfiles.main | 4 changes detected
2026-05-20 16:29:33 | INFO | app.api.routes | [WS] Question: What tours do you have in Vietnam?
2026-05-20 16:29:53 | INFO | watchfiles.main | 1 change detected
2026-05-20 16:29:57 | INFO | app.api.routes | [WS] Client disconnected
2026-05-20 16:30:31 | INFO | watchfiles.main | 2 changes detected
2026-05-20 16:30:51 | INFO | watchfiles.main | 4 changes detected
2026-05-20 16:31:03 | INFO | app.api.routes | [WS] Question: hi
2026-05-20 16:31:21 | INFO | app.api.routes | [WS] Question: What tours do you have in Vietnam?
2026-05-20 16:31:35 | INFO | app.api.routes | [WS] Client disconnected
2026-05-20 16:31:38 | INFO | app.api.routes | [WS] Question: What tours do you have in Vietnam?
2026-05-20 16:34:02 | INFO | watchfiles.main | 1 change detected
2026-05-20 16:34:02 | INFO | app.api.routes | [WS] Client disconnected
2026-05-20 16:34:02 | INFO | watchfiles.main | 2 changes detected
2026-05-20 16:34:06 | INFO | watchfiles.main | 1 change detected
2026-05-20 16:36:00 | INFO | watchfiles.main | 2 changes detected
2026-05-20 16:36:19 | INFO | watchfiles.main | 4 changes detected
2026-05-20 16:37:02 | INFO | app.api.routes | [WS] Client disconnected
2026-05-20 16:37:05 | INFO | app.api.routes | [WS] Question: hi
2026-05-20 16:37:20 | INFO | app.api.routes | [WS] Streamed 247 tokens
2026-05-20 16:37:20 | INFO | app.api.routes | [WS] Full response: Hello! I see you're getting ready to wrap up your trip in Vietnam. You have a few options for spending your last day in Hanoi, depending on which tour you're on.

If you're on the "Best of Vietnam" to...
2026-05-20 16:37:20 | INFO | app.api.routes | [WS] Done signal sent
2026-05-20 16:37:48 | INFO | app.api.routes | [WS] Client disconnected
2026-05-20 16:38:01 | INFO | watchfiles.main | 1 change detected
2026-05-20 16:38:01 | INFO | app.api.routes | [WS] Client disconnected
2026-05-20 16:38:02 | INFO | watchfiles.main | 2 changes detected
2026-05-20 16:38:06 | INFO | watchfiles.main | 1 change detected
2026-05-20 16:38:07 | INFO | watchfiles.main | 3 changes detected
2026-05-20 16:38:11 | INFO | watchfiles.main | 2 changes detected
2026-05-20 16:38:31 | INFO | watchfiles.main | 4 changes detected
2026-05-20 16:38:34 | INFO | app.api.routes | [WS] Question: hi
2026-05-20 16:38:39 | INFO | app.api.routes | [WS] Streamed 93 tokens
2026-05-20 16:38:39 | INFO | app.api.routes | [WS] Full response: Hello! I'd be happy to help you with anything related to your Best of Vietnam tour. You're currently back in Hanoi after a long trip, and you have some free time this afternoon. Would you like some recommendations on how to spend your time, such as visiting the Old Quarter, trying some local bia hoi, or exploring one of the city's many museums? Or perhaps you'd like to book an optional farewell dinner with your group leader?...
2026-05-20 16:38:39 | INFO | app.api.routes | [WS] Done signal sent
2026-05-20 16:39:39 | INFO | watchfiles.main | 3 changes detected
2026-05-20 16:39:39 | INFO | app.api.routes | [WS] Client disconnected
2026-05-20 16:39:39 | INFO | watchfiles.main | 2 changes detected
2026-05-20 16:39:40 | INFO | watchfiles.main | 3 changes detected
2026-05-20 16:39:44 | INFO | watchfiles.main | 2 changes detected
2026-05-20 16:40:02 | INFO | watchfiles.main | 3 changes detected
2026-05-20 16:40:02 | INFO | watchfiles.main | 1 change detected
2026-05-20 16:40:03 | INFO | watchfiles.main | 3 changes detected
2026-05-20 16:40:08 | INFO | watchfiles.main | 2 changes detected
2026-05-20 16:40:12 | INFO | watchfiles.main | 3 changes detected
2026-05-20 16:40:12 | INFO | watchfiles.main | 4 changes detected
2026-05-20 16:40:16 | INFO | watchfiles.main | 2 changes detected
2026-05-20 16:41:20 | INFO | watchfiles.main | 2 changes detected
2026-05-20 16:41:40 | INFO | watchfiles.main | 4 changes detected
2026-05-20 16:41:51 | INFO | app.api.routes | [WS] Client disconnected
2026-05-20 16:41:54 | INFO | app.api.routes | [WS] Question: What tours do you have in Vietnam?
2026-05-20 16:42:06 | INFO | app.api.routes | [WS] Done — 254 tokens sent
2026-05-20 16:45:44 | INFO | watchfiles.main | 1 change detected
2026-05-20 16:45:44 | INFO | app.api.routes | [WS] Client disconnected
2026-05-20 16:45:45 | INFO | watchfiles.main | 2 changes detected
2026-05-20 16:45:46 | INFO | watchfiles.main | 1 change detected
2026-05-20 16:45:46 | INFO | watchfiles.main | 3 changes detected
2026-05-20 16:45:48 | INFO | watchfiles.main | 1 change detected
2026-05-20 16:45:48 | INFO | watchfiles.main | 3 changes detected
2026-05-20 16:51:46 | INFO | watchfiles.main | 2 changes detected
2026-05-20 16:52:06 | INFO | watchfiles.main | 4 changes detected
2026-05-20 16:52:13 | INFO | app.api.routes | [WS] Client disconnected
2026-05-20 16:52:17 | INFO | app.api.routes | [WS] Question: hi
2026-05-20 16:52:24 | INFO | app.api.routes | [WS] token: Hello
2026-05-20 16:52:24 | INFO | app.api.routes | [WS] content: Hello
2026-05-20 16:52:24 | INFO | app.api.routes | [WS] token: !
2026-05-20 16:52:24 | INFO | app.api.routes | [WS] content: !
2026-05-20 16:52:24 | INFO | app.api.routes | [WS] token:  I
2026-05-20 16:52:24 | INFO | app.api.routes | [WS] content:  I
2026-05-20 16:52:24 | INFO | app.api.routes | [WS] token: 'd
2026-05-20 16:52:24 | INFO | app.api.routes | [WS] content: 'd
2026-05-20 16:52:24 | INFO | app.api.routes | [WS] token:  be
2026-05-20 16:52:24 | INFO | app.api.routes | [WS] content:  be
2026-05-20 16:52:24 | INFO | app.api.routes | [WS] token:  happy
2026-05-20 16:52:24 | INFO | app.api.routes | [WS] content:  happy
2026-05-20 16:52:24 | INFO | app.api.routes | [WS] token:  to
2026-05-20 16:52:24 | INFO | app.api.routes | [WS] content:  to
2026-05-20 16:52:24 | INFO | app.api.routes | [WS] token:  help
2026-05-20 16:52:24 | INFO | app.api.routes | [WS] content:  help
2026-05-20 16:52:24 | INFO | app.api.routes | [WS] token:  you
2026-05-20 16:52:24 | INFO | app.api.routes | [WS] content:  you
2026-05-20 16:52:24 | INFO | app.api.routes | [WS] token:  with
2026-05-20 16:52:24 | INFO | app.api.routes | [WS] content:  with
2026-05-20 16:52:24 | INFO | app.api.routes | [WS] token:  any
2026-05-20 16:52:24 | INFO | app.api.routes | [WS] content:  any
2026-05-20 16:52:24 | INFO | app.api.routes | [WS] token:  questions
2026-05-20 16:52:24 | INFO | app.api.routes | [WS] content:  questions
2026-05-20 16:52:24 | INFO | app.api.routes | [WS] token:  or
2026-05-20 16:52:24 | INFO | app.api.routes | [WS] content:  or
2026-05-20 16:52:24 | INFO | app.api.routes | [WS] token:  concerns
2026-05-20 16:52:24 | INFO | app.api.routes | [WS] content:  concerns
2026-05-20 16:52:24 | INFO | app.api.routes | [WS] token:  about
2026-05-20 16:52:24 | INFO | app.api.routes | [WS] content:  about
2026-05-20 16:52:24 | INFO | app.api.routes | [WS] token:  your
2026-05-20 16:52:24 | INFO | app.api.routes | [WS] content:  your
2026-05-20 16:52:24 | INFO | app.api.routes | [WS] token:  trip
2026-05-20 16:52:24 | INFO | app.api.routes | [WS] content:  trip
2026-05-20 16:52:24 | INFO | app.api.routes | [WS] token: .
2026-05-20 16:52:24 | INFO | app.api.routes | [WS] content: .
2026-05-20 16:52:24 | INFO | app.api.routes | [WS] token:  You
2026-05-20 16:52:24 | INFO | app.api.routes | [WS] content:  You
2026-05-20 16:52:25 | INFO | app.api.routes | [WS] token: 're
2026-05-20 16:52:25 | INFO | app.api.routes | [WS] content: 're
2026-05-20 16:52:25 | INFO | app.api.routes | [WS] token:  currently
2026-05-20 16:52:25 | INFO | app.api.routes | [WS] content:  currently
2026-05-20 16:52:25 | INFO | app.api.routes | [WS] token:  in
2026-05-20 16:52:25 | INFO | app.api.routes | [WS] content:  in
2026-05-20 16:52:25 | INFO | app.api.routes | [WS] token:  H
2026-05-20 16:52:25 | INFO | app.api.routes | [WS] content:  H
2026-05-20 16:52:25 | INFO | app.api.routes | [WS] token: anoi
2026-05-20 16:52:25 | INFO | app.api.routes | [WS] content: anoi
2026-05-20 16:52:25 | INFO | app.api.routes | [WS] token: ,
2026-05-20 16:52:25 | INFO | app.api.routes | [WS] content: ,
2026-05-20 16:52:25 | INFO | app.api.routes | [WS] token:  and
2026-05-20 16:52:25 | INFO | app.api.routes | [WS] content:  and
2026-05-20 16:52:25 | INFO | app.api.routes | [WS] token:  it
2026-05-20 16:52:25 | INFO | app.api.routes | [WS] content:  it
2026-05-20 16:52:25 | INFO | app.api.routes | [WS] token: 's
2026-05-20 16:52:25 | INFO | app.api.routes | [WS] content: 's
2026-05-20 16:52:25 | INFO | app.api.routes | [WS] token:  been
2026-05-20 16:52:25 | INFO | app.api.routes | [WS] content:  been
2026-05-20 16:52:25 | INFO | app.api.routes | [WS] token:  a
2026-05-20 16:52:25 | INFO | app.api.routes | [WS] content:  a
2026-05-20 16:52:25 | INFO | app.api.routes | [WS] token:  great
2026-05-20 16:52:25 | INFO | app.api.routes | [WS] content:  great
2026-05-20 16:52:25 | INFO | app.api.routes | [WS] token:  adventure
2026-05-20 16:52:25 | INFO | app.api.routes | [WS] content:  adventure
2026-05-20 16:52:25 | INFO | app.api.routes | [WS] token:  so
2026-05-20 16:52:25 | INFO | app.api.routes | [WS] content:  so
2026-05-20 16:52:25 | INFO | app.api.routes | [WS] token:  far
2026-05-20 16:52:25 | INFO | app.api.routes | [WS] content:  far
2026-05-20 16:52:25 | INFO | app.api.routes | [WS] token: .
2026-05-20 16:52:25 | INFO | app.api.routes | [WS] content: .
2026-05-20 16:52:25 | INFO | app.api.routes | [WS] token:  Which
2026-05-20 16:52:25 | INFO | app.api.routes | [WS] content:  Which
2026-05-20 16:52:25 | INFO | app.api.routes | [WS] token:  tour
2026-05-20 16:52:25 | INFO | app.api.routes | [WS] content:  tour
2026-05-20 16:52:25 | INFO | app.api.routes | [WS] token:  are
2026-05-20 16:52:25 | INFO | app.api.routes | [WS] content:  are
2026-05-20 16:52:25 | INFO | app.api.routes | [WS] token:  you
2026-05-20 16:52:25 | INFO | app.api.routes | [WS] content:  you
2026-05-20 16:52:25 | INFO | app.api.routes | [WS] token:  looking
2026-05-20 16:52:25 | INFO | app.api.routes | [WS] content:  looking
2026-05-20 16:52:25 | INFO | app.api.routes | [WS] token:  at
2026-05-20 16:52:25 | INFO | app.api.routes | [WS] content:  at
2026-05-20 16:52:25 | INFO | app.api.routes | [WS] token:  for
2026-05-20 16:52:25 | INFO | app.api.routes | [WS] content:  for
2026-05-20 16:52:25 | INFO | app.api.routes | [WS] token:  today
2026-05-20 16:52:25 | INFO | app.api.routes | [WS] content:  today
2026-05-20 16:52:25 | INFO | app.api.routes | [WS] token: ?
2026-05-20 16:52:25 | INFO | app.api.routes | [WS] content: ?
2026-05-20 16:52:25 | INFO | app.api.routes | [WS] token:  The
2026-05-20 16:52:25 | INFO | app.api.routes | [WS] content:  The
2026-05-20 16:52:25 | INFO | app.api.routes | [WS] token:  Best
2026-05-20 16:52:25 | INFO | app.api.routes | [WS] content:  Best
2026-05-20 16:52:25 | INFO | app.api.routes | [WS] token:  of
2026-05-20 16:52:25 | INFO | app.api.routes | [WS] content:  of
2026-05-20 16:52:25 | INFO | app.api.routes | [WS] token:  Vietnam
2026-05-20 16:52:25 | INFO | app.api.routes | [WS] content:  Vietnam
2026-05-20 16:52:25 | INFO | app.api.routes | [WS] token:  itinerary
2026-05-20 16:52:25 | INFO | app.api.routes | [WS] content:  itinerary
2026-05-20 16:52:25 | INFO | app.api.routes | [WS] token:  is
2026-05-20 16:52:25 | INFO | app.api.routes | [WS] content:  is
2026-05-20 16:52:25 | INFO | app.api.routes | [WS] token:  coming
2026-05-20 16:52:25 | INFO | app.api.routes | [WS] content:  coming
2026-05-20 16:52:25 | INFO | app.api.routes | [WS] token:  to
2026-05-20 16:52:25 | INFO | app.api.routes | [WS] content:  to
2026-05-20 16:52:25 | INFO | app.api.routes | [WS] token:  an
2026-05-20 16:52:25 | INFO | app.api.routes | [WS] content:  an
2026-05-20 16:52:25 | INFO | app.api.routes | [WS] token:  end
2026-05-20 16:52:25 | INFO | app.api.routes | [WS] content:  end
2026-05-20 16:52:25 | INFO | app.api.routes | [WS] token: ,
2026-05-20 16:52:25 | INFO | app.api.routes | [WS] content: ,
2026-05-20 16:52:25 | INFO | app.api.routes | [WS] token:  or
2026-05-20 16:52:25 | INFO | app.api.routes | [WS] content:  or
2026-05-20 16:52:25 | INFO | app.api.routes | [WS] token:  would
2026-05-20 16:52:25 | INFO | app.api.routes | [WS] content:  would
2026-05-20 16:52:25 | INFO | app.api.routes | [WS] token:  you
2026-05-20 16:52:25 | INFO | app.api.routes | [WS] content:  you
2026-05-20 16:52:25 | INFO | app.api.routes | [WS] token:  like
2026-05-20 16:52:25 | INFO | app.api.routes | [WS] content:  like
2026-05-20 16:52:25 | INFO | app.api.routes | [WS] token:  to
2026-05-20 16:52:25 | INFO | app.api.routes | [WS] content:  to
2026-05-20 16:52:25 | INFO | app.api.routes | [WS] token:  explore
2026-05-20 16:52:25 | INFO | app.api.routes | [WS] content:  explore
2026-05-20 16:52:25 | INFO | app.api.routes | [WS] token:  more
2026-05-20 16:52:25 | INFO | app.api.routes | [WS] content:  more
2026-05-20 16:52:25 | INFO | app.api.routes | [WS] token:  options
2026-05-20 16:52:25 | INFO | app.api.routes | [WS] content:  options
2026-05-20 16:52:25 | INFO | app.api.routes | [WS] token:  like
2026-05-20 16:52:25 | INFO | app.api.routes | [WS] content:  like
2026-05-20 16:52:25 | INFO | app.api.routes | [WS] token:  the
2026-05-20 16:52:25 | INFO | app.api.routes | [WS] content:  the
2026-05-20 16:52:25 | INFO | app.api.routes | [WS] token:  Vietnam
2026-05-20 16:52:25 | INFO | app.api.routes | [WS] content:  Vietnam
2026-05-20 16:52:25 | INFO | app.api.routes | [WS] token: :
2026-05-20 16:52:25 | INFO | app.api.routes | [WS] content: :
2026-05-20 16:52:26 | INFO | app.api.routes | [WS] token:  H
2026-05-20 16:52:26 | INFO | app.api.routes | [WS] content:  H
2026-05-20 16:52:26 | INFO | app.api.routes | [WS] token: ike
2026-05-20 16:52:26 | INFO | app.api.routes | [WS] content: ike
2026-05-20 16:52:26 | INFO | app.api.routes | [WS] token: ,
2026-05-20 16:52:26 | INFO | app.api.routes | [WS] content: ,
2026-05-20 16:52:26 | INFO | app.api.routes | [WS] token:  Bike
2026-05-20 16:52:26 | INFO | app.api.routes | [WS] content:  Bike
2026-05-20 16:52:26 | INFO | app.api.routes | [WS] token:  &
2026-05-20 16:52:26 | INFO | app.api.routes | [WS] content:  &
2026-05-20 16:52:26 | INFO | app.api.routes | [WS] token:  Kay
2026-05-20 16:52:26 | INFO | app.api.routes | [WS] content:  Kay
2026-05-20 16:52:26 | INFO | app.api.routes | [WS] token: ak
2026-05-20 16:52:26 | INFO | app.api.routes | [WS] content: ak
2026-05-20 16:52:26 | INFO | app.api.routes | [WS] token:  tour
2026-05-20 16:52:26 | INFO | app.api.routes | [WS] content:  tour
2026-05-20 16:52:26 | INFO | app.api.routes | [WS] token:  or
2026-05-20 16:52:26 | INFO | app.api.routes | [WS] content:  or
2026-05-20 16:52:26 | INFO | app.api.routes | [WS] token:  the
2026-05-20 16:52:26 | INFO | app.api.routes | [WS] content:  the
2026-05-20 16:52:26 | INFO | app.api.routes | [WS] token:  Hal
2026-05-20 16:52:26 | INFO | app.api.routes | [WS] content:  Hal
2026-05-20 16:52:26 | INFO | app.api.routes | [WS] token: ong
2026-05-20 16:52:26 | INFO | app.api.routes | [WS] content: ong
2026-05-20 16:52:26 | INFO | app.api.routes | [WS] token:  Bay
2026-05-20 16:52:26 | INFO | app.api.routes | [WS] content:  Bay
2026-05-20 16:52:26 | INFO | app.api.routes | [WS] token:  Junk
2026-05-20 16:52:26 | INFO | app.api.routes | [WS] content:  Junk
2026-05-20 16:52:26 | INFO | app.api.routes | [WS] token:  Cruise
2026-05-20 16:52:26 | INFO | app.api.routes | [WS] content:  Cruise
2026-05-20 16:52:26 | INFO | app.api.routes | [WS] token:  Independent
2026-05-20 16:52:26 | INFO | app.api.routes | [WS] content:  Independent
2026-05-20 16:52:26 | INFO | app.api.routes | [WS] token:  Short
2026-05-20 16:52:26 | INFO | app.api.routes | [WS] content:  Short
2026-05-20 16:52:26 | INFO | app.api.routes | [WS] token:  Break
2026-05-20 16:52:26 | INFO | app.api.routes | [WS] content:  Break
2026-05-20 16:52:26 | INFO | app.api.routes | [WS] token: ?
2026-05-20 16:52:26 | INFO | app.api.routes | [WS] content: ?
2026-05-20 16:52:26 | INFO | app.api.routes | [WS] content: None
2026-05-20 16:52:26 | INFO | app.api.routes | [WS] Done — 86 tokens sent
2026-05-20 16:53:30 | INFO | watchfiles.main | 1 change detected
2026-05-20 16:53:30 | INFO | app.api.routes | [WS] Client disconnected
2026-05-20 16:53:31 | INFO | watchfiles.main | 5 changes detected
2026-05-20 16:53:32 | INFO | watchfiles.main | 1 change detected
2026-05-20 16:53:32 | INFO | watchfiles.main | 4 changes detected
2026-05-20 16:53:36 | INFO | watchfiles.main | 2 changes detected
2026-05-20 16:53:56 | INFO | watchfiles.main | 4 changes detected
2026-05-20 16:54:01 | INFO | app.api.routes | [WS] Question: What tours do you have in Vietnam?
2026-05-20 16:54:06 | INFO | app.api.routes | [WS] content: We
2026-05-20 16:54:06 | INFO | app.api.routes | [WS] content:  have
2026-05-20 16:54:06 | INFO | app.api.routes | [WS] content:  three
2026-05-20 16:54:06 | INFO | app.api.routes | [WS] content:  fantastic
2026-05-20 16:54:06 | INFO | app.api.routes | [WS] content:  tour
2026-05-20 16:54:06 | INFO | app.api.routes | [WS] content:  options
2026-05-20 16:54:06 | INFO | app.api.routes | [WS] content:  for
2026-05-20 16:54:06 | INFO | app.api.routes | [WS] content:  you
2026-05-20 16:54:06 | INFO | app.api.routes | [WS] content:  in
2026-05-20 16:54:06 | INFO | app.api.routes | [WS] content:  Vietnam
2026-05-20 16:54:06 | INFO | app.api.routes | [WS] content: :


2026-05-20 16:54:06 | INFO | app.api.routes | [WS] content: 1
2026-05-20 16:54:06 | INFO | app.api.routes | [WS] content: .
2026-05-20 16:54:06 | INFO | app.api.routes | [WS] content:  **
2026-05-20 16:54:07 | INFO | app.api.routes | [WS] content: Best
2026-05-20 16:54:07 | INFO | app.api.routes | [WS] content:  of
2026-05-20 16:54:07 | INFO | app.api.routes | [WS] content:  Vietnam
2026-05-20 16:54:07 | INFO | app.api.routes | [WS] content: **
2026-05-20 16:54:07 | INFO | app.api.routes | [WS] content:  -
2026-05-20 16:54:07 | INFO | app.api.routes | [WS] content:  This
2026-05-20 16:54:07 | INFO | app.api.routes | [WS] content:  
2026-05-20 16:54:07 | INFO | app.api.routes | [WS] content: 20
2026-05-20 16:54:07 | INFO | app.api.routes | [WS] content: -day
2026-05-20 16:54:07 | INFO | app.api.routes | [WS] content:  Premium
2026-05-20 16:54:07 | INFO | app.api.routes | [WS] content:  style
2026-05-20 16:54:07 | INFO | app.api.routes | [WS] content:  tour
2026-05-20 16:54:07 | INFO | app.api.routes | [WS] content:  takes
2026-05-20 16:54:07 | INFO | app.api.routes | [WS] content:  you
2026-05-20 16:54:07 | INFO | app.api.routes | [WS] content:  from
2026-05-20 16:54:07 | INFO | app.api.routes | [WS] content:  south
2026-05-20 16:54:07 | INFO | app.api.routes | [WS] content:  to
2026-05-20 16:54:07 | INFO | app.api.routes | [WS] content:  north
2026-05-20 16:54:07 | INFO | app.api.routes | [WS] content: ,
2026-05-20 16:54:07 | INFO | app.api.routes | [WS] content:  exploring
2026-05-20 16:54:07 | INFO | app.api.routes | [WS] content:  bustling
2026-05-20 16:54:07 | INFO | app.api.routes | [WS] content:  cities
2026-05-20 16:54:07 | INFO | app.api.routes | [WS] content: ,
2026-05-20 16:54:07 | INFO | app.api.routes | [WS] content:  tranquil
2026-05-20 16:54:07 | INFO | app.api.routes | [WS] content:  back
2026-05-20 16:54:07 | INFO | app.api.routes | [WS] content: waters
2026-05-20 16:54:07 | INFO | app.api.routes | [WS] content: ,
2026-05-20 16:54:07 | INFO | app.api.routes | [WS] content:  imperial
2026-05-20 16:54:07 | INFO | app.api.routes | [WS] content:  ruins
2026-05-20 16:54:07 | INFO | app.api.routes | [WS] content: ,
2026-05-20 16:54:07 | INFO | app.api.routes | [WS] content:  and
2026-05-20 16:54:07 | INFO | app.api.routes | [WS] content:  Heritage
2026-05-20 16:54:07 | INFO | app.api.routes | [WS] content: -list
2026-05-20 16:54:07 | INFO | app.api.routes | [WS] content: ed
2026-05-20 16:54:07 | INFO | app.api.routes | [WS] content:  landscapes
2026-05-20 16:54:07 | INFO | app.api.routes | [WS] content: .
2026-05-20 16:54:07 | INFO | app.api.routes | [WS] content:  It
2026-05-20 16:54:07 | INFO | app.api.routes | [WS] content: 's
2026-05-20 16:54:07 | INFO | app.api.routes | [WS] content:  priced
2026-05-20 16:54:07 | INFO | app.api.routes | [WS] content:  at
2026-05-20 16:54:07 | INFO | app.api.routes | [WS] content:  USD
2026-05-20 16:54:07 | INFO | app.api.routes | [WS] content:  $
2026-05-20 16:54:07 | INFO | app.api.routes | [WS] content: 318
2026-05-20 16:54:07 | INFO | app.api.routes | [WS] content: 0
2026-05-20 16:54:07 | INFO | app.api.routes | [WS] content:  and
2026-05-20 16:54:08 | INFO | app.api.routes | [WS] content:  has
2026-05-20 16:54:08 | INFO | app.api.routes | [WS] content:  a
2026-05-20 16:54:08 | INFO | app.api.routes | [WS] content:  rating
2026-05-20 16:54:08 | INFO | app.api.routes | [WS] content:  of
2026-05-20 16:54:08 | INFO | app.api.routes | [WS] content:  
2026-05-20 16:54:08 | INFO | app.api.routes | [WS] content: 4
2026-05-20 16:54:08 | INFO | app.api.routes | [WS] content: .
2026-05-20 16:54:08 | INFO | app.api.routes | [WS] content: 9
2026-05-20 16:54:08 | INFO | app.api.routes | [WS] content: /
2026-05-20 16:54:08 | INFO | app.api.routes | [WS] content: 5
2026-05-20 16:54:08 | INFO | app.api.routes | [WS] content:  (
2026-05-20 16:54:08 | INFO | app.api.routes | [WS] content: 90
2026-05-20 16:54:08 | INFO | app.api.routes | [WS] content:  reviews
2026-05-20 16:54:08 | INFO | app.api.routes | [WS] content: ).
2026-05-20 16:54:08 | INFO | app.api.routes | [WS] content:  Highlights
2026-05-20 16:54:08 | INFO | app.api.routes | [WS] content:  include
2026-05-20 16:54:08 | INFO | app.api.routes | [WS] content:  cruising
2026-05-20 16:54:08 | INFO | app.api.routes | [WS] content:  down
2026-05-20 16:54:08 | INFO | app.api.routes | [WS] content:  the
2026-05-20 16:54:08 | INFO | app.api.routes | [WS] content:  Mek
2026-05-20 16:54:08 | INFO | app.api.routes | [WS] content: ong
2026-05-20 16:54:08 | INFO | app.api.routes | [WS] content:  Delta
2026-05-20 16:54:08 | INFO | app.api.routes | [WS] content: 's
2026-05-20 16:54:08 | INFO | app.api.routes | [WS] content:  water
2026-05-20 16:54:08 | INFO | app.api.routes | [WS] content: ways
2026-05-20 16:54:08 | INFO | app.api.routes | [WS] content: ,
2026-05-20 16:54:08 | INFO | app.api.routes | [WS] content:  exploring
2026-05-20 16:54:08 | INFO | app.api.routes | [WS] content:  Ha
2026-05-20 16:54:08 | INFO | app.api.routes | [WS] content:  Long
2026-05-20 16:54:08 | INFO | app.api.routes | [WS] content:  Bay
2026-05-20 16:54:08 | INFO | app.api.routes | [WS] content: ,
2026-05-20 16:54:08 | INFO | app.api.routes | [WS] content:  and
2026-05-20 16:54:08 | INFO | app.api.routes | [WS] content:  visiting
2026-05-20 16:54:08 | INFO | app.api.routes | [WS] content:  Lam
2026-05-20 16:54:08 | INFO | app.api.routes | [WS] content:  Thu
2026-05-20 16:54:08 | INFO | app.api.routes | [WS] content: ong
2026-05-20 16:54:08 | INFO | app.api.routes | [WS] content:  village
2026-05-20 16:54:08 | INFO | app.api.routes | [WS] content: .

2026-05-20 16:54:08 | INFO | app.api.routes | [WS] content: 2
2026-05-20 16:54:08 | INFO | app.api.routes | [WS] content: .
2026-05-20 16:54:08 | INFO | app.api.routes | [WS] content:  **
2026-05-20 16:54:08 | INFO | app.api.routes | [WS] content: Cycle
2026-05-20 16:54:08 | INFO | app.api.routes | [WS] content:  Northern
2026-05-20 16:54:08 | INFO | app.api.routes | [WS] content:  Vietnam
2026-05-20 16:54:08 | INFO | app.api.routes | [WS] content: **
2026-05-20 16:54:08 | INFO | app.api.routes | [WS] content:  -
2026-05-20 16:54:09 | INFO | app.api.routes | [WS] content:  This
2026-05-20 16:54:09 | INFO | app.api.routes | [WS] content:  
2026-05-20 16:54:09 | INFO | app.api.routes | [WS] content: 8
2026-05-20 16:54:09 | INFO | app.api.routes | [WS] content: -day
2026-05-20 16:54:09 | INFO | app.api.routes | [WS] content:  Premium
2026-05-20 16:54:09 | INFO | app.api.routes | [WS] content:  style
2026-05-20 16:54:09 | INFO | app.api.routes | [WS] content:  tour
2026-05-20 16:54:09 | INFO | app.api.routes | [WS] content:  is
2026-05-20 16:54:09 | INFO | app.api.routes | [WS] content:  perfect
2026-05-20 16:54:09 | INFO | app.api.routes | [WS] content:  for
2026-05-20 16:54:09 | INFO | app.api.routes | [WS] content:  cycling
2026-05-20 16:54:09 | INFO | app.api.routes | [WS] content:  enthusiasts
2026-05-20 16:54:09 | INFO | app.api.routes | [WS] content: ,
2026-05-20 16:54:09 | INFO | app.api.routes | [WS] content:  taking
2026-05-20 16:54:09 | INFO | app.api.routes | [WS] content:  you
2026-05-20 16:54:09 | INFO | app.api.routes | [WS] content:  through
2026-05-20 16:54:09 | INFO | app.api.routes | [WS] content:  stunning
2026-05-20 16:54:09 | INFO | app.api.routes | [WS] content:  landscapes
2026-05-20 16:54:09 | INFO | app.api.routes | [WS] content: ,
2026-05-20 16:54:09 | INFO | app.api.routes | [WS] content:  small
2026-05-20 16:54:09 | INFO | app.api.routes | [WS] content:  villages
2026-05-20 16:54:09 | INFO | app.api.routes | [WS] content: ,
2026-05-20 16:54:09 | INFO | app.api.routes | [WS] content:  and
2026-05-20 16:54:09 | INFO | app.api.routes | [WS] content:  ancient
2026-05-20 16:54:09 | INFO | app.api.routes | [WS] content:  ruins
2026-05-20 16:54:09 | INFO | app.api.routes | [WS] content: .
2026-05-20 16:54:09 | INFO | app.api.routes | [WS] content:  It
2026-05-20 16:54:09 | INFO | app.api.routes | [WS] content: 's
2026-05-20 16:54:09 | INFO | app.api.routes | [WS] content:  priced
2026-05-20 16:54:09 | INFO | app.api.routes | [WS] content:  at
2026-05-20 16:54:09 | INFO | app.api.routes | [WS] content:  USD
2026-05-20 16:54:09 | INFO | app.api.routes | [WS] content:  $
2026-05-20 16:54:09 | INFO | app.api.routes | [WS] content: 132
2026-05-20 16:54:09 | INFO | app.api.routes | [WS] content: 5
2026-05-20 16:54:09 | INFO | app.api.routes | [WS] content:  and
2026-05-20 16:54:09 | INFO | app.api.routes | [WS] content:  has
2026-05-20 16:54:09 | INFO | app.api.routes | [WS] content:  a
2026-05-20 16:54:09 | INFO | app.api.routes | [WS] content:  rating
2026-05-20 16:54:09 | INFO | app.api.routes | [WS] content:  of
2026-05-20 16:54:09 | INFO | app.api.routes | [WS] content:  
2026-05-20 16:54:09 | INFO | app.api.routes | [WS] content: 4
2026-05-20 16:54:09 | INFO | app.api.routes | [WS] content: .
2026-05-20 16:54:09 | INFO | app.api.routes | [WS] content: 9
2026-05-20 16:54:09 | INFO | app.api.routes | [WS] content: /
2026-05-20 16:54:09 | INFO | app.api.routes | [WS] content: 5
2026-05-20 16:54:09 | INFO | app.api.routes | [WS] content:  (
2026-05-20 16:54:10 | INFO | app.api.routes | [WS] content: 92
2026-05-20 16:54:10 | INFO | app.api.routes | [WS] content:  reviews
2026-05-20 16:54:10 | INFO | app.api.routes | [WS] content: ).
2026-05-20 16:54:10 | INFO | app.api.routes | [WS] content:  Highlights
2026-05-20 16:54:10 | INFO | app.api.routes | [WS] content:  include
2026-05-20 16:54:10 | INFO | app.api.routes | [WS] content:  riding
2026-05-20 16:54:10 | INFO | app.api.routes | [WS] content:  through
2026-05-20 16:54:10 | INFO | app.api.routes | [WS] content:  Pu
2026-05-20 16:54:10 | INFO | app.api.routes | [WS] content:  Lu
2026-05-20 16:54:10 | INFO | app.api.routes | [WS] content: ong
2026-05-20 16:54:10 | INFO | app.api.routes | [WS] content:  and
2026-05-20 16:54:10 | INFO | app.api.routes | [WS] content:  C
2026-05-20 16:54:10 | INFO | app.api.routes | [WS] content: uc
2026-05-20 16:54:10 | INFO | app.api.routes | [WS] content:  Ph
2026-05-20 16:54:10 | INFO | app.api.routes | [WS] content: uong
2026-05-20 16:54:10 | INFO | app.api.routes | [WS] content:  National
2026-05-20 16:54:10 | INFO | app.api.routes | [WS] content:  Park
2026-05-20 16:54:10 | INFO | app.api.routes | [WS] content: ,
2026-05-20 16:54:10 | INFO | app.api.routes | [WS] content:  kay
2026-05-20 16:54:10 | INFO | app.api.routes | [WS] content: aking
2026-05-20 16:54:10 | INFO | app.api.routes | [WS] content:  in
2026-05-20 16:54:10 | INFO | app.api.routes | [WS] content:  Ha
2026-05-20 16:54:10 | INFO | app.api.routes | [WS] content:  Long
2026-05-20 16:54:10 | INFO | app.api.routes | [WS] content:  Bay
2026-05-20 16:54:10 | INFO | app.api.routes | [WS] content: ,
2026-05-20 16:54:10 | INFO | app.api.routes | [WS] content:  and
2026-05-20 16:54:10 | INFO | app.api.routes | [WS] content:  staying
2026-05-20 16:54:10 | INFO | app.api.routes | [WS] content:  in
2026-05-20 16:54:10 | INFO | app.api.routes | [WS] content:  traditional
2026-05-20 16:54:10 | INFO | app.api.routes | [WS] content:  hom
2026-05-20 16:54:10 | INFO | app.api.routes | [WS] content: est
2026-05-20 16:54:10 | INFO | app.api.routes | [WS] content: ays
2026-05-20 16:54:10 | INFO | app.api.routes | [WS] content: .

2026-05-20 16:54:10 | INFO | app.api.routes | [WS] content: 3
2026-05-20 16:54:10 | INFO | app.api.routes | [WS] content: .
2026-05-20 16:54:10 | INFO | app.api.routes | [WS] content:  **
2026-05-20 16:54:10 | INFO | app.api.routes | [WS] content: Viet
2026-05-20 16:54:10 | INFO | app.api.routes | [WS] content: nam
2026-05-20 16:54:10 | INFO | app.api.routes | [WS] content:  Express
2026-05-20 16:54:10 | INFO | app.api.routes | [WS] content:  North
2026-05-20 16:54:10 | INFO | app.api.routes | [WS] content: bound
2026-05-20 16:54:10 | INFO | app.api.routes | [WS] content: **
2026-05-20 16:54:10 | INFO | app.api.routes | [WS] content:  -
2026-05-20 16:54:10 | INFO | app.api.routes | [WS] content:  This
2026-05-20 16:54:10 | INFO | app.api.routes | [WS] content:  
2026-05-20 16:54:11 | INFO | app.api.routes | [WS] content: 10
2026-05-20 16:54:11 | INFO | app.api.routes | [WS] content: -day
2026-05-20 16:54:11 | INFO | app.api.routes | [WS] content:  Premium
2026-05-20 16:54:11 | INFO | app.api.routes | [WS] content:  style
2026-05-20 16:54:11 | INFO | app.api.routes | [WS] content:  tour
2026-05-20 16:54:11 | INFO | app.api.routes | [WS] content:  is
2026-05-20 16:54:11 | INFO | app.api.routes | [WS] content:  ideal
2026-05-20 16:54:11 | INFO | app.api.routes | [WS] content:  for
2026-05-20 16:54:11 | INFO | app.api.routes | [WS] content:  those
2026-05-20 16:54:11 | INFO | app.api.routes | [WS] content:  who
2026-05-20 16:54:11 | INFO | app.api.routes | [WS] content:  want
2026-05-20 16:54:11 | INFO | app.api.routes | [WS] content:  to
2026-05-20 16:54:11 | INFO | app.api.routes | [WS] content:  experience
2026-05-20 16:54:11 | INFO | app.api.routes | [WS] content:  the
2026-05-20 16:54:11 | INFO | app.api.routes | [WS] content:  best
2026-05-20 16:54:11 | INFO | app.api.routes | [WS] content:  of
2026-05-20 16:54:11 | INFO | app.api.routes | [WS] content:  Vietnam
2026-05-20 16:54:11 | INFO | app.api.routes | [WS] content: 's
2026-05-20 16:54:11 | INFO | app.api.routes | [WS] content:  hot
2026-05-20 16:54:11 | INFO | app.api.routes | [WS] content: spots
2026-05-20 16:54:11 | INFO | app.api.routes | [WS] content:  without
2026-05-20 16:54:11 | INFO | app.api.routes | [WS] content:  breaking
2026-05-20 16:54:11 | INFO | app.api.routes | [WS] content:  the
2026-05-20 16:54:11 | INFO | app.api.routes | [WS] content:  bank
2026-05-20 16:54:11 | INFO | app.api.routes | [WS] content: .
2026-05-20 16:54:11 | INFO | app.api.routes | [WS] content:  It
2026-05-20 16:54:11 | INFO | app.api.routes | [WS] content: 's
2026-05-20 16:54:11 | INFO | app.api.routes | [WS] content:  priced
2026-05-20 16:54:11 | INFO | app.api.routes | [WS] content:  at
2026-05-20 16:54:11 | INFO | app.api.routes | [WS] content:  USD
2026-05-20 16:54:11 | INFO | app.api.routes | [WS] content:  $
2026-05-20 16:54:11 | INFO | app.api.routes | [WS] content: 149
2026-05-20 16:54:11 | INFO | app.api.routes | [WS] content: 0
2026-05-20 16:54:11 | INFO | app.api.routes | [WS] content:  and
2026-05-20 16:54:11 | INFO | app.api.routes | [WS] content:  has
2026-05-20 16:54:11 | INFO | app.api.routes | [WS] content:  a
2026-05-20 16:54:11 | INFO | app.api.routes | [WS] content:  rating
2026-05-20 16:54:11 | INFO | app.api.routes | [WS] content:  of
2026-05-20 16:54:11 | INFO | app.api.routes | [WS] content:  
2026-05-20 16:54:11 | INFO | app.api.routes | [WS] content: 4
2026-05-20 16:54:11 | INFO | app.api.routes | [WS] content: .
2026-05-20 16:54:11 | INFO | app.api.routes | [WS] content: 9
2026-05-20 16:54:11 | INFO | app.api.routes | [WS] content: /
2026-05-20 16:54:11 | INFO | app.api.routes | [WS] content: 5
2026-05-20 16:54:11 | INFO | app.api.routes | [WS] content:  (
2026-05-20 16:54:12 | INFO | app.api.routes | [WS] content: 829
2026-05-20 16:54:12 | INFO | app.api.routes | [WS] content:  reviews
2026-05-20 16:54:12 | INFO | app.api.routes | [WS] content: ).
2026-05-20 16:54:12 | INFO | app.api.routes | [WS] content:  Highlights
2026-05-20 16:54:12 | INFO | app.api.routes | [WS] content:  include
2026-05-20 16:54:12 | INFO | app.api.routes | [WS] content:  exploring
2026-05-20 16:54:12 | INFO | app.api.routes | [WS] content:  Ha
2026-05-20 16:54:12 | INFO | app.api.routes | [WS] content:  Long
2026-05-20 16:54:12 | INFO | app.api.routes | [WS] content:  Bay
2026-05-20 16:54:12 | INFO | app.api.routes | [WS] content: ,
2026-05-20 16:54:12 | INFO | app.api.routes | [WS] content:  wandering
2026-05-20 16:54:12 | INFO | app.api.routes | [WS] content:  H
2026-05-20 16:54:12 | INFO | app.api.routes | [WS] content: oi
2026-05-20 16:54:12 | INFO | app.api.routes | [WS] content:  An
2026-05-20 16:54:12 | INFO | app.api.routes | [WS] content: 's
2026-05-20 16:54:12 | INFO | app.api.routes | [WS] content:  car
2026-05-20 16:54:12 | INFO | app.api.routes | [WS] content: -free
2026-05-20 16:54:12 | INFO | app.api.routes | [WS] content:  streets
2026-05-20 16:54:12 | INFO | app.api.routes | [WS] content: ,
2026-05-20 16:54:12 | INFO | app.api.routes | [WS] content:  and
2026-05-20 16:54:12 | INFO | app.api.routes | [WS] content:  discovering
2026-05-20 16:54:12 | INFO | app.api.routes | [WS] content:  Hue
2026-05-20 16:54:12 | INFO | app.api.routes | [WS] content: 's
2026-05-20 16:54:12 | INFO | app.api.routes | [WS] content:  imperial
2026-05-20 16:54:12 | INFO | app.api.routes | [WS] content:  icons
2026-05-20 16:54:12 | INFO | app.api.routes | [WS] content:  on
2026-05-20 16:54:12 | INFO | app.api.routes | [WS] content:  the
2026-05-20 16:54:12 | INFO | app.api.routes | [WS] content:  back
2026-05-20 16:54:12 | INFO | app.api.routes | [WS] content:  of
2026-05-20 16:54:12 | INFO | app.api.routes | [WS] content:  a
2026-05-20 16:54:12 | INFO | app.api.routes | [WS] content:  motor
2026-05-20 16:54:12 | INFO | app.api.routes | [WS] content: bike
2026-05-20 16:54:12 | INFO | app.api.routes | [WS] content: .


2026-05-20 16:54:12 | INFO | app.api.routes | [WS] content: Which
2026-05-20 16:54:12 | INFO | app.api.routes | [WS] content:  one
2026-05-20 16:54:12 | INFO | app.api.routes | [WS] content:  of
2026-05-20 16:54:12 | INFO | app.api.routes | [WS] content:  these
2026-05-20 16:54:12 | INFO | app.api.routes | [WS] content:  tours
2026-05-20 16:54:12 | INFO | app.api.routes | [WS] content:  catches
2026-05-20 16:54:12 | INFO | app.api.routes | [WS] content:  your
2026-05-20 16:54:12 | INFO | app.api.routes | [WS] content:  eye
2026-05-20 16:54:12 | INFO | app.api.routes | [WS] content: ?
2026-05-20 16:54:12 | INFO | app.api.routes | [WS] content: None
2026-05-20 16:54:12 | INFO | app.api.routes | [WS] Done — 283 tokens sent
2026-05-20 16:54:52 | INFO | watchfiles.main | 1 change detected
2026-05-20 16:54:52 | INFO | app.api.routes | [WS] Client disconnected
2026-05-20 16:54:52 | INFO | watchfiles.main | 2 changes detected
2026-05-20 16:54:53 | INFO | watchfiles.main | 3 changes detected
2026-05-20 16:54:57 | INFO | watchfiles.main | 1 change detected
2026-05-20 16:55:01 | INFO | watchfiles.main | 1 change detected
2026-05-20 16:55:01 | INFO | watchfiles.main | 3 changes detected
2026-05-20 16:55:05 | INFO | watchfiles.main | 2 changes detected
2026-05-20 16:55:25 | INFO | watchfiles.main | 4 changes detected
2026-05-20 16:55:27 | INFO | watchfiles.main | 1 change detected
2026-05-20 16:55:27 | INFO | app.api.routes | [WS] Client disconnected
2026-05-20 16:55:28 | INFO | watchfiles.main | 2 changes detected
2026-05-20 16:55:28 | INFO | watchfiles.main | 3 changes detected
2026-05-20 16:55:29 | INFO | watchfiles.main | 1 change detected
2026-05-20 16:55:29 | INFO | watchfiles.main | 3 changes detected
2026-05-20 16:55:33 | INFO | watchfiles.main | 2 changes detected
2026-05-20 16:55:44 | INFO | watchfiles.main | 1 change detected
2026-05-20 16:55:44 | INFO | watchfiles.main | 4 changes detected
2026-05-20 16:55:48 | INFO | watchfiles.main | 2 changes detected
2026-05-20 16:55:50 | INFO | watchfiles.main | 1 change detected
2026-05-20 16:55:50 | INFO | watchfiles.main | 4 changes detected
2026-05-20 16:55:53 | INFO | watchfiles.main | 1 change detected
2026-05-20 16:55:54 | INFO | watchfiles.main | 3 changes detected
2026-05-20 16:55:56 | INFO | watchfiles.main | 1 change detected
2026-05-20 16:55:56 | INFO | watchfiles.main | 3 changes detected
2026-05-20 16:55:58 | INFO | watchfiles.main | 1 change detected
2026-05-20 16:55:58 | INFO | watchfiles.main | 3 changes detected
2026-05-20 16:56:01 | INFO | watchfiles.main | 2 changes detected
2026-05-20 16:56:20 | INFO | watchfiles.main | 4 changes detected
2026-05-20 16:57:18 | INFO | app.api.routes | [API][/CHAT] question: What tours do you have in Vietnam?
2026-05-20 16:57:18 | INFO | app.api.routes | [API][/CHAT] Intent of question: tour_info
2026-05-20 16:57:18 | INFO | app.api.routes | [API][/CHAT] question: None
2026-05-20 16:57:18 | INFO | app.api.routes |   Source: Best of Vietnam (tour_overview) [distance: 0.3136]
2026-05-20 16:57:18 | INFO | app.api.routes |   Source: Cycle Northern Vietnam (tour_overview) [distance: 0.3197]
2026-05-20 16:57:18 | INFO | app.api.routes |   Source: Vietnam Express Northbound (tour_overview) [distance: 0.3215]
2026-05-20 17:04:15 | INFO | watchfiles.main | 1 change detected
2026-05-20 17:04:15 | INFO | app.api.routes | [WS] Client disconnected
2026-05-20 17:04:16 | INFO | watchfiles.main | 2 changes detected
2026-05-20 17:04:16 | INFO | watchfiles.main | 1 change detected
2026-05-20 17:04:17 | INFO | watchfiles.main | 3 changes detected
2026-05-20 17:07:53 | INFO | watchfiles.main | 2 changes detected
2026-05-20 17:08:12 | INFO | watchfiles.main | 4 changes detected
2026-05-20 17:08:19 | INFO | app.api.routes | [WS] Client disconnected
2026-05-20 17:08:21 | INFO | app.api.routes | [WS] Question: What tours do you have in Vietnam?
2026-05-20 17:08:35 | ERROR | app.api.routes | [ERROR] [WS]: can only concatenate str (not "NoneType") to str
2026-05-20 17:10:50 | INFO | app.api.routes | [WS] Client disconnected
2026-05-20 17:16:12 | INFO | watchfiles.main | 2 changes detected
2026-05-20 17:16:14 | INFO | watchfiles.main | 3 changes detected
2026-05-20 17:16:32 | INFO | watchfiles.main | 4 changes detected
2026-05-20 17:16:36 | INFO | app.api.routes | [WS] Question: What tours do you have in Vietnam?
2026-05-20 17:16:49 | INFO | app.api.routes | [WS] Done — 237 tokens sent
2026-05-20 17:18:10 | INFO | watchfiles.main | 1 change detected
2026-05-20 17:18:10 | INFO | app.api.routes | [WS] Client disconnected
2026-05-20 17:18:10 | INFO | watchfiles.main | 2 changes detected
2026-05-20 17:18:11 | INFO | watchfiles.main | 3 changes detected
2026-05-20 17:24:10 | INFO | watchfiles.main | 2 changes detected
2026-05-20 17:24:31 | INFO | watchfiles.main | 4 changes detected
2026-05-20 17:24:43 | INFO | app.api.routes | [WS] Client disconnected
2026-05-20 17:24:49 | INFO | app.api.routes | [WS] Question: What tours do you have in Vietnam?
2026-05-20 17:25:06 | ERROR | app.api.routes | [ERROR] [WS]: 'RAGChain' object has no attribute 'last_sources'
2026-05-20 17:26:14 | INFO | app.api.routes | [WS] Question: tôi muốn biết lịch trình chuyến đi của tour Vietnam Express Northbound.
2026-05-20 17:26:37 | ERROR | app.api.routes | [ERROR] [WS]: 'RAGChain' object has no attribute 'last_sources'
2026-05-20 17:28:09 | INFO | app.api.routes | [WS] Client disconnected
2026-05-20 17:30:36 | INFO | watchfiles.main | 3 changes detected
2026-05-20 17:31:18 | INFO | app.api.routes | [WS] Client disconnected
2026-05-20 17:31:23 | INFO | watchfiles.main | 3 changes detected
2026-05-20 17:32:24 | INFO | app.api.routes | [WS] Question: 베트남에서 어떤 투어 상품을 제공하시나요?
2026-05-20 17:32:40 | ERROR | app.api.routes | [ERROR] [WS]: 'RAGChain' object has no attribute 'last_sources'
2026-05-20 17:34:19 | INFO | app.api.routes | [WS] Question: Vietnam & Cambodia Adventure 旅行团费用是多少？
2026-05-20 17:34:26 | ERROR | app.api.routes | [ERROR] [WS]: 'RAGChain' object has no attribute 'last_sources'
2026-05-20 17:35:06 | INFO | app.api.routes | [WS] Client disconnected
2026-05-20 17:35:42 | INFO | watchfiles.main | 1 change detected
2026-05-20 17:35:44 | INFO | watchfiles.main | 1 change detected
